Arguments: 
  C:\Program Files\nodejs\node.exe C:\Program Files (x86)\Yarn\bin\yarn.js add

PATH: 
  C:\Program Files (x86)\Common Files\Oracle\Java\javapath;C:\ProgramData\Oracle\Java\javapath;C:\WINDOWS\system32;C:\WINDOWS;C:\WINDOWS\System32\Wbem;C:\WINDOWS\System32\WindowsPowerShell\v1.0\;C:\Program Files (x86)\ATI Technologies\ATI.ACE\Core-Static;C:\Program Files (x86)\Yarn\bin\;C:\Program Files\MongoDB\Server\3.6\bin\;C:\Program Files\Git\cmd;C:\Program Files\Git\mingw64\bin;C:\Program Files\Git\usr\bin;C:\Program Files\nodejs\;C:\WINDOWS\System32\OpenSSH\;C:\Program Files\PuTTY\;C:\Users\santin\AppData\Local\Microsoft\WindowsApps;C:\Program Files\Microsoft VS Code\bin;C:\Users\santin\AppData\Local\Yarn\bin;C:\Program Files\MongoDB\Server\3.6\bin\;C:\Users\santin\AppData\Roaming\npm;;C:\Users\santin\AppData\Local\Programs\Microsoft VS Code\bin

Yarn version: 
  1.5.1

Node version: 
  8.11.1

Platform: 
  win32 x64

npm manifest: 
  No manifest

yarn manifest: 
  No manifest

Lockfile: 
  No lockfile

Trace: 
  Error: Missing list of packages to add to your project.
      at new MessageError (C:\Program Files (x86)\Yarn\lib\cli.js:186:110)
      at Object.<anonymous> (C:\Program Files (x86)\Yarn\lib\cli.js:40587:13)
      at Generator.next (<anonymous>)
      at step (C:\Program Files (x86)\Yarn\lib\cli.js:98:30)
      at C:\Program Files (x86)\Yarn\lib\cli.js:116:14
      at new Promise (<anonymous>)
      at new F (C:\Program Files (x86)\Yarn\lib\cli.js:23451:28)
      at Object.<anonymous> (C:\Program Files (x86)\Yarn\lib\cli.js:95:12)
      at Object.run (C:\Program Files (x86)\Yarn\lib\cli.js:40599:19)
      at run (C:\Program Files (x86)\Yarn\lib\cli.js:89113:20)
